\BOOKMARK [1][-]{section.1}{\376\377\133\236\000\040\000\040\232\214\000\040\000\040\166\356\000\040\000\040\166\204}{}% 1
\BOOKMARK [1][-]{section.2}{\376\377\133\236\000\040\000\040\232\214\000\040\000\040\123\237\000\040\000\040\164\006}{}% 2
\BOOKMARK [1][-]{section.3}{\376\377\133\236\000\040\000\040\232\214\000\040\000\040\116\352\000\040\000\040\126\150}{}% 3
\BOOKMARK [1][-]{section.4}{\376\377\133\236\000\040\000\040\232\214\000\040\000\040\153\145\000\040\000\040\232\244}{}% 4
\BOOKMARK [1][-]{section.5}{\376\377\154\350\000\040\000\040\141\017\000\040\000\040\116\213\000\040\000\040\230\171}{}% 5
\BOOKMARK [1][-]{section.6}{\376\377\133\236\000\040\000\040\232\214\000\040\000\040\145\160\000\040\000\040\143\156}{}% 6
\BOOKMARK [2][-]{subsection.6.1}{\376\377\000U\000H\116\016\000I\121\163\174\373\123\312\000K\000H\000,\000R\000H\000,\000n\166\204\213\241\173\227}{section.6}% 7
\BOOKMARK [2][-]{subsection.6.2}{\376\377\150\007\133\232\000I\000M\116\016\000B\166\204\121\163\174\373}{section.6}% 8
\BOOKMARK [2][-]{subsection.6.3}{\376\377\225\021\123\026\224\337\170\301\226\073\126\150\116\366\166\204\170\301\165\065\226\073\145\110\136\224}{section.6}% 9
\BOOKMARK [2][-]{subsection.6.4}{\376\377\170\301\147\201\225\364\226\231\154\064\136\163\145\271\124\021\170\301\127\072\166\204\122\006\136\003\146\362\176\277}{section.6}% 10
\BOOKMARK [2][-]{subsection.6.5}{\376\377\122\044\145\255\217\175\155\101\133\120\174\173\127\213}{section.6}% 11
\BOOKMARK [2][-]{subsection.6.6}{\376\377\227\015\134\024\162\107\116\055\217\175\155\101\133\120\166\204\217\301\171\373\163\207\003\274}{section.6}% 12
\BOOKMARK [2][-]{subsection.6.7}{\376\377\137\200\134\112\133\146\165\037\142\245\124\112\116\055\136\070\211\301\225\356\230\230\116\016\116\015\215\263}{section.6}% 13
\BOOKMARK [3][-]{subsubsection.6.7.1}{\376\377\116\011\176\247\150\007\230\230}{subsection.6.7}% 14
\BOOKMARK [3][-]{subsubsection.6.7.2}{\376\377\123\352\176\331\145\160\143\156\124\214\176\323\147\234\377\014\154\241\147\011\133\371\176\323\147\234\142\100\123\315\146\040\166\204\162\151\164\006\211\304\137\213\120\132\164\006\213\272\122\006\147\220\123\312\145\160\143\156\213\357\135\356\122\006\147\220\377\033}{subsection.6.7}% 15
\BOOKMARK [3][-]{subsubsection.6.7.3}{\376\377\145\160\143\156\123\312\176\323\147\234\166\364\143\245\176\331\121\372\377\014\154\241\147\011\137\305\211\201\166\204\133\236\232\214\147\141\116\366\213\364\146\016\124\214\142\100\165\050\162\151\164\006\213\241\173\227\121\154\137\017\377\033}{subsection.6.7}% 16
\BOOKMARK [3][-]{subsubsection.6.7.4}{\376\377\176\323\147\234\116\345\126\376\060\001\210\150\176\331\121\372\145\366\377\014\126\376\060\001\210\150\116\015\211\304\203\003\377\010\177\072\134\021\127\120\150\007\122\006\136\246\060\001\162\151\164\006\221\317\123\312\121\166\123\125\117\115\173\111\377\011\377\033}{subsection.6.7}% 17
\BOOKMARK [2][-]{subsection.6.8}{\376\377\142\245\124\112\116\055\121\154\137\017\060\001\133\127\153\315\166\204\211\304\203\003\121\231\154\325}{section.6}% 18
\BOOKMARK [2][-]{subsection.6.9}{\376\377\142\245\124\112\116\055\126\376\166\204\211\304\203\003\211\201\154\102}{section.6}% 19
\BOOKMARK [2][-]{subsection.6.10}{\376\377\142\245\124\112\116\055\210\150\166\204\211\304\203\003}{section.6}% 20
\BOOKMARK [2][-]{subsection.6.11}{\376\377\142\245\124\112\116\055\202\361\145\207\177\051\165\145\213\355\166\204\211\304\203\003}{section.6}% 21
\BOOKMARK [2][-]{subsection.6.12}{\376\377\131\026\145\207\133\127\153\315}{section.6}% 22
\BOOKMARK [3][-]{subsubsection.6.12.1}{\376\377\145\234\117\123\131\026\145\207\133\127\153\315\165\050\116\216\210\150\171\072\221\317\166\204\173\046\123\367\377\014\116\073\211\201\165\050\116\216\116\013\122\027\127\072\124\010}{subsection.6.12}% 23
\BOOKMARK [3][-]{subsubsection.6.12.2}{\376\377\153\143\117\123\131\026\145\207\133\127\153\315\165\050\116\216\210\150\171\072\124\015\171\360\123\312\116\016\121\166\147\011\121\163\166\204\116\343\123\367\377\014\116\073\211\201\165\050\116\216\116\013\122\027\127\072\124\010}{subsection.6.12}% 24
\BOOKMARK [1][-]{section.7}{\376\377\140\035\000\040\000\040\200\003\000\040\000\040\230\230}{}% 25
\BOOKMARK [2][-]{subsection.7.1}{\376\377\131\202\117\125\213\241\173\227\133\236\232\214\116\055\227\015\134\024\162\107\217\175\155\101\133\120\217\301\171\373\163\207}{section.7}% 26
\BOOKMARK [2][-]{subsection.7.2}{\376\377\131\202\117\125\211\302\133\337\116\015\173\111\117\115\145\110\136\224\000?\131\202\117\125\155\210\226\144\116\015\173\111\117\115\145\110\136\224\133\371\155\113\221\317\136\046\147\145\166\204\137\161\124\315\000?}{section.7}% 27
\BOOKMARK [2][-]{subsection.7.3}{\376\377\131\202\117\125\122\051\165\050\227\015\134\024\145\110\136\224\155\113\221\317\170\301\127\072\000?}{section.7}% 28
\BOOKMARK [1][-]{section.8}{\376\377\133\236\000\040\000\040\232\214\000\040\000\040\140\073\000\040\000\040\176\323}{}% 29
